<?xml version="1.0" encoding="UTF-8"?>
<TestRun id="6423df06-7aa1-4948-852b-0dd2a12cc9e5" name="sabau@DESKTOP-JU1GN0A 2017-12-11 23:31:50" runUser="DESKTOP-JU1GN0A\sabau" xmlns="http://microsoft.com/schemas/VisualStudio/TeamTest/2010">
  <TestSettings name="Local" id="04f519bd-0779-4c26-ba76-d1c6d9f649cf">
    <Description>These are default test settings for a local test run.</Description>
    <Deployment enabled="false" runDeploymentRoot="sabau_DESKTOP-JU1GN0A 2017-12-11 23_31_50">
      <DeploymentItem filename="C:\Users\sabau\Desktop\Conversii Logica Computationala\Conversii\Conversii\bin\Debug\Conversii.exe" />
    </Deployment>
    <Execution>
      <TestTypeSpecific />
      <AgentRule name="Execution Agents">
      </AgentRule>
    </Execution>
  </TestSettings>
  <Times creation="2017-12-11T23:31:50.2631410+02:00" queuing="2017-12-11T23:31:50.2741383+02:00" start="2017-12-11T23:31:50.2771404+02:00" finish="2017-12-11T23:31:50.6021802+02:00" />
  <ResultSummary outcome="Failed">
    <Counters total="10" executed="10" passed="7" error="0" failed="3" timeout="0" aborted="0" inconclusive="0" passedButRunAborted="0" notRunnable="0" notExecuted="0" disconnected="0" warning="0" completed="0" inProgress="0" pending="0" />
    <RunInfos>
      <RunInfo computerName="DESKTOP-JU1GN0A" outcome="Warning" timestamp="2017-12-11T23:31:50.2731376+02:00">
        <Text>Deployment is currently disabled. The deployment item 'Conversii.exe' on test 'ApplicationTests.ArithmeticTest.computeAdditionTest' was not deployed.</Text>
      </RunInfo>
    </RunInfos>
  </ResultSummary>
  <TestDefinitions>
    <UnitTest name="computeAdditionTest" storage="c:\users\sabau\desktop\conversii logica computationala\conversii\applicationtests\bin\debug\applicationtests.dll" id="d5d38560-7b0f-1787-7f0b-7f47f3114e52">
      <DeploymentItems>
        <DeploymentItem filename="Conversii.exe" />
      </DeploymentItems>
      <Execution id="eb9ab9ef-8d8a-49ef-ac02-40a057360bcd" />
      <TestMethod codeBase="C:/Users/sabau/Desktop/Conversii Logica Computationala/Conversii/ApplicationTests/bin/Debug/ApplicationTests.DLL" adapterTypeName="Microsoft.VisualStudio.TestTools.TestTypes.Unit.UnitTestAdapter, Microsoft.VisualStudio.QualityTools.Tips.UnitTest.Adapter, Version=10.0.0.0, Culture=neutral, PublicKeyToken=b03f5f7f11d50a3a" className="ApplicationTests.ArithmeticTest, ApplicationTests, Version=1.0.0.0, Culture=neutral, PublicKeyToken=null" name="computeAdditionTest" />
    </UnitTest>
    <UnitTest name="computeSubtractionTest" storage="c:\users\sabau\desktop\conversii logica computationala\conversii\applicationtests\bin\debug\applicationtests.dll" id="bcdcf49c-8a4c-74b3-3564-f47aa9cfbf59">
      <DeploymentItems>
        <DeploymentItem filename="Conversii.exe" />
      </DeploymentItems>
      <Execution id="57937106-8c92-4895-8ead-eaa7f8ec8dc7" />
      <TestMethod codeBase="C:/Users/sabau/Desktop/Conversii Logica Computationala/Conversii/ApplicationTests/bin/Debug/ApplicationTests.DLL" adapterTypeName="Microsoft.VisualStudio.TestTools.TestTypes.Unit.UnitTestAdapter, Microsoft.VisualStudio.QualityTools.Tips.UnitTest.Adapter, Version=10.0.0.0, Culture=neutral, PublicKeyToken=b03f5f7f11d50a3a" className="ApplicationTests.ArithmeticTest, ApplicationTests, Version=1.0.0.0, Culture=neutral, PublicKeyToken=null" name="computeSubtractionTest" />
    </UnitTest>
    <UnitTest name="getCharTest" storage="c:\users\sabau\desktop\conversii logica computationala\conversii\applicationtests\bin\debug\applicationtests.dll" id="90802c43-5ea4-b56d-6691-035a0c49992f">
      <DeploymentItems>
        <DeploymentItem filename="Conversii.exe" />
      </DeploymentItems>
      <Execution id="c7097bf8-8fee-4e0e-abfa-4caa8aa5e7f4" />
      <TestMethod codeBase="C:/Users/sabau/Desktop/Conversii Logica Computationala/Conversii/ApplicationTests/bin/Debug/ApplicationTests.DLL" adapterTypeName="Microsoft.VisualStudio.TestTools.TestTypes.Unit.UnitTestAdapter, Microsoft.VisualStudio.QualityTools.Tips.UnitTest.Adapter, Version=10.0.0.0, Culture=neutral, PublicKeyToken=b03f5f7f11d50a3a" className="ApplicationTests.ConversionsTest, ApplicationTests, Version=1.0.0.0, Culture=neutral, PublicKeyToken=null" name="getCharTest" />
    </UnitTest>
    <UnitTest name="substitutionMethodTest" storage="c:\users\sabau\desktop\conversii logica computationala\conversii\applicationtests\bin\debug\applicationtests.dll" id="47d8073a-57f8-b49d-9b39-3d946487a063">
      <DeploymentItems>
        <DeploymentItem filename="Conversii.exe" />
      </DeploymentItems>
      <Execution id="5475b547-a943-4963-b1ac-557551b4f9e6" />
      <TestMethod codeBase="C:/Users/sabau/Desktop/Conversii Logica Computationala/Conversii/ApplicationTests/bin/Debug/ApplicationTests.DLL" adapterTypeName="Microsoft.VisualStudio.TestTools.TestTypes.Unit.UnitTestAdapter, Microsoft.VisualStudio.QualityTools.Tips.UnitTest.Adapter, Version=10.0.0.0, Culture=neutral, PublicKeyToken=b03f5f7f11d50a3a" className="ApplicationTests.ConversionsTest, ApplicationTests, Version=1.0.0.0, Culture=neutral, PublicKeyToken=null" name="substitutionMethodTest" />
    </UnitTest>
    <UnitTest name="fromBaseToBaseTest" storage="c:\users\sabau\desktop\conversii logica computationala\conversii\applicationtests\bin\debug\applicationtests.dll" id="a0fa8fdb-c5aa-1e00-3fb5-acf0d7a54042">
      <DeploymentItems>
        <DeploymentItem filename="Conversii.exe" />
      </DeploymentItems>
      <Execution id="13499d29-9294-4e11-865d-070e9d692e8f" />
      <TestMethod codeBase="C:/Users/sabau/Desktop/Conversii Logica Computationala/Conversii/ApplicationTests/bin/Debug/ApplicationTests.DLL" adapterTypeName="Microsoft.VisualStudio.TestTools.TestTypes.Unit.UnitTestAdapter, Microsoft.VisualStudio.QualityTools.Tips.UnitTest.Adapter, Version=10.0.0.0, Culture=neutral, PublicKeyToken=b03f5f7f11d50a3a" className="ApplicationTests.ConversionsTest, ApplicationTests, Version=1.0.0.0, Culture=neutral, PublicKeyToken=null" name="fromBaseToBaseTest" />
    </UnitTest>
    <UnitTest name="computeDivisionTest" storage="c:\users\sabau\desktop\conversii logica computationala\conversii\applicationtests\bin\debug\applicationtests.dll" id="c87b4183-b021-215b-baae-8aa8fe72f2c7">
      <DeploymentItems>
        <DeploymentItem filename="Conversii.exe" />
      </DeploymentItems>
      <Execution id="fb2c95ae-2ab9-40f8-b3ae-b0d963f0a15b" />
      <TestMethod codeBase="C:/Users/sabau/Desktop/Conversii Logica Computationala/Conversii/ApplicationTests/bin/Debug/ApplicationTests.DLL" adapterTypeName="Microsoft.VisualStudio.TestTools.TestTypes.Unit.UnitTestAdapter, Microsoft.VisualStudio.QualityTools.Tips.UnitTest.Adapter, Version=10.0.0.0, Culture=neutral, PublicKeyToken=b03f5f7f11d50a3a" className="ApplicationTests.ArithmeticTest, ApplicationTests, Version=1.0.0.0, Culture=neutral, PublicKeyToken=null" name="computeDivisionTest" />
    </UnitTest>
    <UnitTest name="computeMultiplicationTest" storage="c:\users\sabau\desktop\conversii logica computationala\conversii\applicationtests\bin\debug\applicationtests.dll" id="8dbf2887-d3b8-a404-08fb-68c241a8f0af">
      <DeploymentItems>
        <DeploymentItem filename="Conversii.exe" />
      </DeploymentItems>
      <Execution id="bbd1714b-a41d-42d4-84b3-f9728c4a7efe" />
      <TestMethod codeBase="C:/Users/sabau/Desktop/Conversii Logica Computationala/Conversii/ApplicationTests/bin/Debug/ApplicationTests.DLL" adapterTypeName="Microsoft.VisualStudio.TestTools.TestTypes.Unit.UnitTestAdapter, Microsoft.VisualStudio.QualityTools.Tips.UnitTest.Adapter, Version=10.0.0.0, Culture=neutral, PublicKeyToken=b03f5f7f11d50a3a" className="ApplicationTests.ArithmeticTest, ApplicationTests, Version=1.0.0.0, Culture=neutral, PublicKeyToken=null" name="computeMultiplicationTest" />
    </UnitTest>
    <UnitTest name="rapidConversionTest" storage="c:\users\sabau\desktop\conversii logica computationala\conversii\applicationtests\bin\debug\applicationtests.dll" id="a5f35e8e-293e-68f7-5dcb-1d7e4fe6bae6">
      <DeploymentItems>
        <DeploymentItem filename="Conversii.exe" />
      </DeploymentItems>
      <Execution id="36cd40b1-ef63-4a08-b48c-a87a5d88a0ee" />
      <TestMethod codeBase="C:/Users/sabau/Desktop/Conversii Logica Computationala/Conversii/ApplicationTests/bin/Debug/ApplicationTests.DLL" adapterTypeName="Microsoft.VisualStudio.TestTools.TestTypes.Unit.UnitTestAdapter, Microsoft.VisualStudio.QualityTools.Tips.UnitTest.Adapter, Version=10.0.0.0, Culture=neutral, PublicKeyToken=b03f5f7f11d50a3a" className="ApplicationTests.ConversionsTest, ApplicationTests, Version=1.0.0.0, Culture=neutral, PublicKeyToken=null" name="rapidConversionTest" />
    </UnitTest>
    <UnitTest name="getIntTest" storage="c:\users\sabau\desktop\conversii logica computationala\conversii\applicationtests\bin\debug\applicationtests.dll" id="8da5f0ff-5363-92fd-496d-3cbfca523cb9">
      <DeploymentItems>
        <DeploymentItem filename="Conversii.exe" />
      </DeploymentItems>
      <Execution id="f2a5e4c6-e0a6-46c0-b4bb-0d54cf1baf69" />
      <TestMethod codeBase="C:/Users/sabau/Desktop/Conversii Logica Computationala/Conversii/ApplicationTests/bin/Debug/ApplicationTests.DLL" adapterTypeName="Microsoft.VisualStudio.TestTools.TestTypes.Unit.UnitTestAdapter, Microsoft.VisualStudio.QualityTools.Tips.UnitTest.Adapter, Version=10.0.0.0, Culture=neutral, PublicKeyToken=b03f5f7f11d50a3a" className="ApplicationTests.ConversionsTest, ApplicationTests, Version=1.0.0.0, Culture=neutral, PublicKeyToken=null" name="getIntTest" />
    </UnitTest>
    <UnitTest name="reversedStringTest" storage="c:\users\sabau\desktop\conversii logica computationala\conversii\applicationtests\bin\debug\applicationtests.dll" id="89a3f76a-9557-31ab-05ac-c30ddd1bb125">
      <DeploymentItems>
        <DeploymentItem filename="Conversii.exe" />
      </DeploymentItems>
      <Execution id="078dcd5e-8137-4c1e-9437-edbdc9ce8358" />
      <TestMethod codeBase="C:/Users/sabau/Desktop/Conversii Logica Computationala/Conversii/ApplicationTests/bin/Debug/ApplicationTests.DLL" adapterTypeName="Microsoft.VisualStudio.TestTools.TestTypes.Unit.UnitTestAdapter, Microsoft.VisualStudio.QualityTools.Tips.UnitTest.Adapter, Version=10.0.0.0, Culture=neutral, PublicKeyToken=b03f5f7f11d50a3a" className="ApplicationTests.ArithmeticTest, ApplicationTests, Version=1.0.0.0, Culture=neutral, PublicKeyToken=null" name="reversedStringTest" />
    </UnitTest>
  </TestDefinitions>
  <TestLists>
    <TestList name="Results Not in a List" id="8c84fa94-04c1-424b-9868-57a2d4851a1d" />
    <TestList name="All Loaded Results" id="19431567-8539-422a-85d7-44ee4e166bda" />
  </TestLists>
  <TestEntries>
    <TestEntry testId="47d8073a-57f8-b49d-9b39-3d946487a063" executionId="5475b547-a943-4963-b1ac-557551b4f9e6" testListId="8c84fa94-04c1-424b-9868-57a2d4851a1d" />
    <TestEntry testId="89a3f76a-9557-31ab-05ac-c30ddd1bb125" executionId="078dcd5e-8137-4c1e-9437-edbdc9ce8358" testListId="8c84fa94-04c1-424b-9868-57a2d4851a1d" />
    <TestEntry testId="8da5f0ff-5363-92fd-496d-3cbfca523cb9" executionId="f2a5e4c6-e0a6-46c0-b4bb-0d54cf1baf69" testListId="8c84fa94-04c1-424b-9868-57a2d4851a1d" />
    <TestEntry testId="8dbf2887-d3b8-a404-08fb-68c241a8f0af" executionId="bbd1714b-a41d-42d4-84b3-f9728c4a7efe" testListId="8c84fa94-04c1-424b-9868-57a2d4851a1d" />
    <TestEntry testId="90802c43-5ea4-b56d-6691-035a0c49992f" executionId="c7097bf8-8fee-4e0e-abfa-4caa8aa5e7f4" testListId="8c84fa94-04c1-424b-9868-57a2d4851a1d" />
    <TestEntry testId="a0fa8fdb-c5aa-1e00-3fb5-acf0d7a54042" executionId="13499d29-9294-4e11-865d-070e9d692e8f" testListId="8c84fa94-04c1-424b-9868-57a2d4851a1d" />
    <TestEntry testId="a5f35e8e-293e-68f7-5dcb-1d7e4fe6bae6" executionId="36cd40b1-ef63-4a08-b48c-a87a5d88a0ee" testListId="8c84fa94-04c1-424b-9868-57a2d4851a1d" />
    <TestEntry testId="bcdcf49c-8a4c-74b3-3564-f47aa9cfbf59" executionId="57937106-8c92-4895-8ead-eaa7f8ec8dc7" testListId="8c84fa94-04c1-424b-9868-57a2d4851a1d" />
    <TestEntry testId="c87b4183-b021-215b-baae-8aa8fe72f2c7" executionId="fb2c95ae-2ab9-40f8-b3ae-b0d963f0a15b" testListId="8c84fa94-04c1-424b-9868-57a2d4851a1d" />
    <TestEntry testId="d5d38560-7b0f-1787-7f0b-7f47f3114e52" executionId="eb9ab9ef-8d8a-49ef-ac02-40a057360bcd" testListId="8c84fa94-04c1-424b-9868-57a2d4851a1d" />
  </TestEntries>
  <Results>
    <UnitTestResult executionId="5475b547-a943-4963-b1ac-557551b4f9e6" testId="47d8073a-57f8-b49d-9b39-3d946487a063" testName="substitutionMethodTest" computerName="DESKTOP-JU1GN0A" duration="00:00:00.0270744" startTime="2017-12-11T23:31:50.2791409+02:00" endTime="2017-12-11T23:31:50.4352520+02:00" testType="13cdc9d9-ddb5-4fa4-a97d-d965ccfc6d4b" outcome="Passed" testListId="8c84fa94-04c1-424b-9868-57a2d4851a1d" relativeResultsDirectory="5475b547-a943-4963-b1ac-557551b4f9e6">
    </UnitTestResult>
    <UnitTestResult executionId="078dcd5e-8137-4c1e-9437-edbdc9ce8358" testId="89a3f76a-9557-31ab-05ac-c30ddd1bb125" testName="reversedStringTest" computerName="DESKTOP-JU1GN0A" duration="00:00:00.0117099" startTime="2017-12-11T23:31:50.4362524+02:00" endTime="2017-12-11T23:31:50.4512673+02:00" testType="13cdc9d9-ddb5-4fa4-a97d-d965ccfc6d4b" outcome="Passed" testListId="8c84fa94-04c1-424b-9868-57a2d4851a1d" relativeResultsDirectory="078dcd5e-8137-4c1e-9437-edbdc9ce8358">
    </UnitTestResult>
    <UnitTestResult executionId="f2a5e4c6-e0a6-46c0-b4bb-0d54cf1baf69" testId="8da5f0ff-5363-92fd-496d-3cbfca523cb9" testName="getIntTest" computerName="DESKTOP-JU1GN0A" duration="00:00:00.0085792" startTime="2017-12-11T23:31:50.4522638+02:00" endTime="2017-12-11T23:31:50.4634609+02:00" testType="13cdc9d9-ddb5-4fa4-a97d-d965ccfc6d4b" outcome="Passed" testListId="8c84fa94-04c1-424b-9868-57a2d4851a1d" relativeResultsDirectory="f2a5e4c6-e0a6-46c0-b4bb-0d54cf1baf69">
    </UnitTestResult>
    <UnitTestResult executionId="bbd1714b-a41d-42d4-84b3-f9728c4a7efe" testId="8dbf2887-d3b8-a404-08fb-68c241a8f0af" testName="computeMultiplicationTest" computerName="DESKTOP-JU1GN0A" duration="00:00:00.0195822" startTime="2017-12-11T23:31:50.4644617+02:00" endTime="2017-12-11T23:31:50.4873325+02:00" testType="13cdc9d9-ddb5-4fa4-a97d-d965ccfc6d4b" outcome="Failed" testListId="8c84fa94-04c1-424b-9868-57a2d4851a1d" relativeResultsDirectory="bbd1714b-a41d-42d4-84b3-f9728c4a7efe">
      <Output>
        <ErrorInfo>
          <Message>Test method ApplicationTests.ArithmeticTest.computeMultiplicationTest threw exception: 
System.IndexOutOfRangeException: Index was outside the bounds of the array.</Message>
          <StackTrace>   at Conversii.Arithmetic_Accessor.computeMultiplication(String x, String digit, Int32 bNum)
   at ApplicationTests.ArithmeticTest.computeMultiplicationTest() in C:\Users\sabau\Desktop\Conversii Logica Computationala\Conversii\ApplicationTests\ArithmeticTest.cs:line 92
</StackTrace>
        </ErrorInfo>
      </Output>
    </UnitTestResult>
    <UnitTestResult executionId="c7097bf8-8fee-4e0e-abfa-4caa8aa5e7f4" testId="90802c43-5ea4-b56d-6691-035a0c49992f" testName="getCharTest" computerName="DESKTOP-JU1GN0A" duration="00:00:00.0085560" startTime="2017-12-11T23:31:50.4873325+02:00" endTime="2017-12-11T23:31:50.4986214+02:00" testType="13cdc9d9-ddb5-4fa4-a97d-d965ccfc6d4b" outcome="Passed" testListId="8c84fa94-04c1-424b-9868-57a2d4851a1d" relativeResultsDirectory="c7097bf8-8fee-4e0e-abfa-4caa8aa5e7f4">
    </UnitTestResult>
    <UnitTestResult executionId="13499d29-9294-4e11-865d-070e9d692e8f" testId="a0fa8fdb-c5aa-1e00-3fb5-acf0d7a54042" testName="fromBaseToBaseTest" computerName="DESKTOP-JU1GN0A" duration="00:00:00.0081759" startTime="2017-12-11T23:31:50.4996043+02:00" endTime="2017-12-11T23:31:50.5103181+02:00" testType="13cdc9d9-ddb5-4fa4-a97d-d965ccfc6d4b" outcome="Passed" testListId="8c84fa94-04c1-424b-9868-57a2d4851a1d" relativeResultsDirectory="13499d29-9294-4e11-865d-070e9d692e8f">
    </UnitTestResult>
    <UnitTestResult executionId="36cd40b1-ef63-4a08-b48c-a87a5d88a0ee" testId="a5f35e8e-293e-68f7-5dcb-1d7e4fe6bae6" testName="rapidConversionTest" computerName="DESKTOP-JU1GN0A" duration="00:00:00.0085753" startTime="2017-12-11T23:31:50.5113282+02:00" endTime="2017-12-11T23:31:50.5223258+02:00" testType="13cdc9d9-ddb5-4fa4-a97d-d965ccfc6d4b" outcome="Passed" testListId="8c84fa94-04c1-424b-9868-57a2d4851a1d" relativeResultsDirectory="36cd40b1-ef63-4a08-b48c-a87a5d88a0ee">
    </UnitTestResult>
    <UnitTestResult executionId="57937106-8c92-4895-8ead-eaa7f8ec8dc7" testId="bcdcf49c-8a4c-74b3-3564-f47aa9cfbf59" testName="computeSubtractionTest" computerName="DESKTOP-JU1GN0A" duration="00:00:00.0143438" startTime="2017-12-11T23:31:50.5233262+02:00" endTime="2017-12-11T23:31:50.5413402+02:00" testType="13cdc9d9-ddb5-4fa4-a97d-d965ccfc6d4b" outcome="Failed" testListId="8c84fa94-04c1-424b-9868-57a2d4851a1d" relativeResultsDirectory="57937106-8c92-4895-8ead-eaa7f8ec8dc7">
      <Output>
        <ErrorInfo>
          <Message>Test method ApplicationTests.ArithmeticTest.computeSubtractionTest threw exception: 
System.IndexOutOfRangeException: Index was outside the bounds of the array.</Message>
          <StackTrace>   at Conversii.Arithmetic_Accessor.computeSubtraction(String x, String digit, Int32 bNum)
   at ApplicationTests.ArithmeticTest.computeSubtractionTest() in C:\Users\sabau\Desktop\Conversii Logica Computationala\Conversii\ApplicationTests\ArithmeticTest.cs:line 111
</StackTrace>
        </ErrorInfo>
      </Output>
    </UnitTestResult>
    <UnitTestResult executionId="fb2c95ae-2ab9-40f8-b3ae-b0d963f0a15b" testId="c87b4183-b021-215b-baae-8aa8fe72f2c7" testName="computeDivisionTest" computerName="DESKTOP-JU1GN0A" duration="00:00:00.0121522" startTime="2017-12-11T23:31:50.5423409+02:00" endTime="2017-12-11T23:31:50.5578756+02:00" testType="13cdc9d9-ddb5-4fa4-a97d-d965ccfc6d4b" outcome="Failed" testListId="8c84fa94-04c1-424b-9868-57a2d4851a1d" relativeResultsDirectory="fb2c95ae-2ab9-40f8-b3ae-b0d963f0a15b">
      <Output>
        <ErrorInfo>
          <Message>Test method ApplicationTests.ArithmeticTest.computeDivisionTest threw exception: 
System.IndexOutOfRangeException: Index was outside the bounds of the array.</Message>
          <StackTrace>   at Conversii.Arithmetic_Accessor.computeDivision(String x, String digit, Int32 bNum)
   at ApplicationTests.ArithmeticTest.computeDivisionTest() in C:\Users\sabau\Desktop\Conversii Logica Computationala\Conversii\ApplicationTests\ArithmeticTest.cs:line 74
</StackTrace>
        </ErrorInfo>
      </Output>
    </UnitTestResult>
    <UnitTestResult executionId="eb9ab9ef-8d8a-49ef-ac02-40a057360bcd" testId="d5d38560-7b0f-1787-7f0b-7f47f3114e52" testName="computeAdditionTest" computerName="DESKTOP-JU1GN0A" duration="00:00:00.0103099" startTime="2017-12-11T23:31:50.5578756+02:00" endTime="2017-12-11T23:31:50.5711581+02:00" testType="13cdc9d9-ddb5-4fa4-a97d-d965ccfc6d4b" outcome="Passed" testListId="8c84fa94-04c1-424b-9868-57a2d4851a1d" relativeResultsDirectory="eb9ab9ef-8d8a-49ef-ac02-40a057360bcd">
    </UnitTestResult>
  </Results>
</TestRun>