<?xml version="1.0" encoding="UTF-8"?>
<TestRun id="fc306b4d-4771-453b-8669-2d48a7eee0d8" name="sabau@DESKTOP-JU1GN0A 2017-12-11 23:17:27" runUser="DESKTOP-JU1GN0A\sabau" xmlns="http://microsoft.com/schemas/VisualStudio/TeamTest/2010">
  <TestSettings name="Local" id="04f519bd-0779-4c26-ba76-d1c6d9f649cf">
    <Description>These are default test settings for a local test run.</Description>
    <Deployment enabled="false" runDeploymentRoot="sabau_DESKTOP-JU1GN0A 2017-12-11 23_17_27">
      <DeploymentItem filename="C:\Users\sabau\Desktop\Conversii Logica Computationala\Conversii\Conversii\bin\Debug\Conversii.exe" />
    </Deployment>
    <Execution>
      <TestTypeSpecific />
      <AgentRule name="Execution Agents">
      </AgentRule>
    </Execution>
  </TestSettings>
  <Times creation="2017-12-11T23:17:27.3604797+02:00" queuing="2017-12-11T23:17:27.3684857+02:00" start="2017-12-11T23:17:27.3724885+02:00" finish="2017-12-11T23:17:27.7090689+02:00" />
  <ResultSummary outcome="Failed">
    <Counters total="12" executed="12" passed="3" error="0" failed="6" timeout="0" aborted="0" inconclusive="3" passedButRunAborted="0" notRunnable="0" notExecuted="0" disconnected="0" warning="0" completed="0" inProgress="0" pending="0" />
    <RunInfos>
      <RunInfo computerName="DESKTOP-JU1GN0A" outcome="Warning" timestamp="2017-12-11T23:17:27.3684857+02:00">
        <Text>Deployment is currently disabled. The deployment item 'Conversii.exe' on test 'ApplicationTests.ArithmeticTest.computeAdditionTest' was not deployed.</Text>
      </RunInfo>
    </RunInfos>
  </ResultSummary>
  <TestDefinitions>
    <UnitTest name="computeAdditionTest" storage="c:\users\sabau\desktop\conversii logica computationala\conversii\applicationtests\bin\debug\applicationtests.dll" id="d5d38560-7b0f-1787-7f0b-7f47f3114e52">
      <DeploymentItems>
        <DeploymentItem filename="Conversii.exe" />
      </DeploymentItems>
      <Execution id="b65dddf1-30c2-48f7-a16e-c078766131af" />
      <TestMethod codeBase="C:/Users/sabau/Desktop/Conversii Logica Computationala/Conversii/ApplicationTests/bin/Debug/ApplicationTests.DLL" adapterTypeName="Microsoft.VisualStudio.TestTools.TestTypes.Unit.UnitTestAdapter, Microsoft.VisualStudio.QualityTools.Tips.UnitTest.Adapter, Version=10.0.0.0, Culture=neutral, PublicKeyToken=b03f5f7f11d50a3a" className="ApplicationTests.ArithmeticTest, ApplicationTests, Version=1.0.0.0, Culture=neutral, PublicKeyToken=null" name="computeAdditionTest" />
    </UnitTest>
    <UnitTest name="computeSubtractionTest" storage="c:\users\sabau\desktop\conversii logica computationala\conversii\applicationtests\bin\debug\applicationtests.dll" id="bcdcf49c-8a4c-74b3-3564-f47aa9cfbf59">
      <DeploymentItems>
        <DeploymentItem filename="Conversii.exe" />
      </DeploymentItems>
      <Execution id="be3a90db-5743-40e5-bce5-849ca2390781" />
      <TestMethod codeBase="C:/Users/sabau/Desktop/Conversii Logica Computationala/Conversii/ApplicationTests/bin/Debug/ApplicationTests.DLL" adapterTypeName="Microsoft.VisualStudio.TestTools.TestTypes.Unit.UnitTestAdapter, Microsoft.VisualStudio.QualityTools.Tips.UnitTest.Adapter, Version=10.0.0.0, Culture=neutral, PublicKeyToken=b03f5f7f11d50a3a" className="ApplicationTests.ArithmeticTest, ApplicationTests, Version=1.0.0.0, Culture=neutral, PublicKeyToken=null" name="computeSubtractionTest" />
    </UnitTest>
    <UnitTest name="minTest" storage="c:\users\sabau\desktop\conversii logica computationala\conversii\applicationtests\bin\debug\applicationtests.dll" id="9f95f546-3dbc-6cf4-3dae-5d43bafe697d">
      <DeploymentItems>
        <DeploymentItem filename="Conversii.exe" />
      </DeploymentItems>
      <Execution id="38eb95d8-5c09-435f-b3c7-fd5cc4644669" />
      <TestMethod codeBase="C:/Users/sabau/Desktop/Conversii Logica Computationala/Conversii/ApplicationTests/bin/Debug/ApplicationTests.DLL" adapterTypeName="Microsoft.VisualStudio.TestTools.TestTypes.Unit.UnitTestAdapter, Microsoft.VisualStudio.QualityTools.Tips.UnitTest.Adapter, Version=10.0.0.0, Culture=neutral, PublicKeyToken=b03f5f7f11d50a3a" className="ApplicationTests.ArithmeticTest, ApplicationTests, Version=1.0.0.0, Culture=neutral, PublicKeyToken=null" name="minTest" />
    </UnitTest>
    <UnitTest name="getCharTest" storage="c:\users\sabau\desktop\conversii logica computationala\conversii\applicationtests\bin\debug\applicationtests.dll" id="90802c43-5ea4-b56d-6691-035a0c49992f">
      <DeploymentItems>
        <DeploymentItem filename="Conversii.exe" />
      </DeploymentItems>
      <Execution id="b362cca9-4024-4d29-8161-179d811437c5" />
      <TestMethod codeBase="C:/Users/sabau/Desktop/Conversii Logica Computationala/Conversii/ApplicationTests/bin/Debug/ApplicationTests.DLL" adapterTypeName="Microsoft.VisualStudio.TestTools.TestTypes.Unit.UnitTestAdapter, Microsoft.VisualStudio.QualityTools.Tips.UnitTest.Adapter, Version=10.0.0.0, Culture=neutral, PublicKeyToken=b03f5f7f11d50a3a" className="ApplicationTests.ConversionsTest, ApplicationTests, Version=1.0.0.0, Culture=neutral, PublicKeyToken=null" name="getCharTest" />
    </UnitTest>
    <UnitTest name="substitutionMethodTest" storage="c:\users\sabau\desktop\conversii logica computationala\conversii\applicationtests\bin\debug\applicationtests.dll" id="47d8073a-57f8-b49d-9b39-3d946487a063">
      <DeploymentItems>
        <DeploymentItem filename="Conversii.exe" />
      </DeploymentItems>
      <Execution id="4a6a04e4-04be-4896-ad2a-38d55114f7a1" />
      <TestMethod codeBase="C:/Users/sabau/Desktop/Conversii Logica Computationala/Conversii/ApplicationTests/bin/Debug/ApplicationTests.DLL" adapterTypeName="Microsoft.VisualStudio.TestTools.TestTypes.Unit.UnitTestAdapter, Microsoft.VisualStudio.QualityTools.Tips.UnitTest.Adapter, Version=10.0.0.0, Culture=neutral, PublicKeyToken=b03f5f7f11d50a3a" className="ApplicationTests.ConversionsTest, ApplicationTests, Version=1.0.0.0, Culture=neutral, PublicKeyToken=null" name="substitutionMethodTest" />
    </UnitTest>
    <UnitTest name="fromBaseToBaseTest" storage="c:\users\sabau\desktop\conversii logica computationala\conversii\applicationtests\bin\debug\applicationtests.dll" id="a0fa8fdb-c5aa-1e00-3fb5-acf0d7a54042">
      <DeploymentItems>
        <DeploymentItem filename="Conversii.exe" />
      </DeploymentItems>
      <Execution id="a4d1e040-c02d-435f-b5f3-986299b5b907" />
      <TestMethod codeBase="C:/Users/sabau/Desktop/Conversii Logica Computationala/Conversii/ApplicationTests/bin/Debug/ApplicationTests.DLL" adapterTypeName="Microsoft.VisualStudio.TestTools.TestTypes.Unit.UnitTestAdapter, Microsoft.VisualStudio.QualityTools.Tips.UnitTest.Adapter, Version=10.0.0.0, Culture=neutral, PublicKeyToken=b03f5f7f11d50a3a" className="ApplicationTests.ConversionsTest, ApplicationTests, Version=1.0.0.0, Culture=neutral, PublicKeyToken=null" name="fromBaseToBaseTest" />
    </UnitTest>
    <UnitTest name="computeDivisionTest" storage="c:\users\sabau\desktop\conversii logica computationala\conversii\applicationtests\bin\debug\applicationtests.dll" id="c87b4183-b021-215b-baae-8aa8fe72f2c7">
      <DeploymentItems>
        <DeploymentItem filename="Conversii.exe" />
      </DeploymentItems>
      <Execution id="2f9490e4-2543-4b51-9007-ccb0cc9d1979" />
      <TestMethod codeBase="C:/Users/sabau/Desktop/Conversii Logica Computationala/Conversii/ApplicationTests/bin/Debug/ApplicationTests.DLL" adapterTypeName="Microsoft.VisualStudio.TestTools.TestTypes.Unit.UnitTestAdapter, Microsoft.VisualStudio.QualityTools.Tips.UnitTest.Adapter, Version=10.0.0.0, Culture=neutral, PublicKeyToken=b03f5f7f11d50a3a" className="ApplicationTests.ArithmeticTest, ApplicationTests, Version=1.0.0.0, Culture=neutral, PublicKeyToken=null" name="computeDivisionTest" />
    </UnitTest>
    <UnitTest name="computeMultiplicationTest" storage="c:\users\sabau\desktop\conversii logica computationala\conversii\applicationtests\bin\debug\applicationtests.dll" id="8dbf2887-d3b8-a404-08fb-68c241a8f0af">
      <DeploymentItems>
        <DeploymentItem filename="Conversii.exe" />
      </DeploymentItems>
      <Execution id="6d6a1aa6-5073-401a-a3e3-6faf1c45de6d" />
      <TestMethod codeBase="C:/Users/sabau/Desktop/Conversii Logica Computationala/Conversii/ApplicationTests/bin/Debug/ApplicationTests.DLL" adapterTypeName="Microsoft.VisualStudio.TestTools.TestTypes.Unit.UnitTestAdapter, Microsoft.VisualStudio.QualityTools.Tips.UnitTest.Adapter, Version=10.0.0.0, Culture=neutral, PublicKeyToken=b03f5f7f11d50a3a" className="ApplicationTests.ArithmeticTest, ApplicationTests, Version=1.0.0.0, Culture=neutral, PublicKeyToken=null" name="computeMultiplicationTest" />
    </UnitTest>
    <UnitTest name="rapidConversionTest" storage="c:\users\sabau\desktop\conversii logica computationala\conversii\applicationtests\bin\debug\applicationtests.dll" id="a5f35e8e-293e-68f7-5dcb-1d7e4fe6bae6">
      <DeploymentItems>
        <DeploymentItem filename="Conversii.exe" />
      </DeploymentItems>
      <Execution id="9680ef0e-50b3-4ef3-b313-a7aa5e294157" />
      <TestMethod codeBase="C:/Users/sabau/Desktop/Conversii Logica Computationala/Conversii/ApplicationTests/bin/Debug/ApplicationTests.DLL" adapterTypeName="Microsoft.VisualStudio.TestTools.TestTypes.Unit.UnitTestAdapter, Microsoft.VisualStudio.QualityTools.Tips.UnitTest.Adapter, Version=10.0.0.0, Culture=neutral, PublicKeyToken=b03f5f7f11d50a3a" className="ApplicationTests.ConversionsTest, ApplicationTests, Version=1.0.0.0, Culture=neutral, PublicKeyToken=null" name="rapidConversionTest" />
    </UnitTest>
    <UnitTest name="getIntTest" storage="c:\users\sabau\desktop\conversii logica computationala\conversii\applicationtests\bin\debug\applicationtests.dll" id="8da5f0ff-5363-92fd-496d-3cbfca523cb9">
      <DeploymentItems>
        <DeploymentItem filename="Conversii.exe" />
      </DeploymentItems>
      <Execution id="3d7748c2-c940-46ea-a5b5-013c51038ca2" />
      <TestMethod codeBase="C:/Users/sabau/Desktop/Conversii Logica Computationala/Conversii/ApplicationTests/bin/Debug/ApplicationTests.DLL" adapterTypeName="Microsoft.VisualStudio.TestTools.TestTypes.Unit.UnitTestAdapter, Microsoft.VisualStudio.QualityTools.Tips.UnitTest.Adapter, Version=10.0.0.0, Culture=neutral, PublicKeyToken=b03f5f7f11d50a3a" className="ApplicationTests.ConversionsTest, ApplicationTests, Version=1.0.0.0, Culture=neutral, PublicKeyToken=null" name="getIntTest" />
    </UnitTest>
    <UnitTest name="maxTest" storage="c:\users\sabau\desktop\conversii logica computationala\conversii\applicationtests\bin\debug\applicationtests.dll" id="22875be9-517b-a982-69b7-3a7c5c497176">
      <DeploymentItems>
        <DeploymentItem filename="Conversii.exe" />
      </DeploymentItems>
      <Execution id="ca52e308-966b-4547-9563-d654c8e1b6e5" />
      <TestMethod codeBase="C:/Users/sabau/Desktop/Conversii Logica Computationala/Conversii/ApplicationTests/bin/Debug/ApplicationTests.DLL" adapterTypeName="Microsoft.VisualStudio.TestTools.TestTypes.Unit.UnitTestAdapter, Microsoft.VisualStudio.QualityTools.Tips.UnitTest.Adapter, Version=10.0.0.0, Culture=neutral, PublicKeyToken=b03f5f7f11d50a3a" className="ApplicationTests.ArithmeticTest, ApplicationTests, Version=1.0.0.0, Culture=neutral, PublicKeyToken=null" name="maxTest" />
    </UnitTest>
    <UnitTest name="reversedStringTest" storage="c:\users\sabau\desktop\conversii logica computationala\conversii\applicationtests\bin\debug\applicationtests.dll" id="89a3f76a-9557-31ab-05ac-c30ddd1bb125">
      <DeploymentItems>
        <DeploymentItem filename="Conversii.exe" />
      </DeploymentItems>
      <Execution id="8fbb8551-e5b1-46bf-b27d-60959bd94675" />
      <TestMethod codeBase="C:/Users/sabau/Desktop/Conversii Logica Computationala/Conversii/ApplicationTests/bin/Debug/ApplicationTests.DLL" adapterTypeName="Microsoft.VisualStudio.TestTools.TestTypes.Unit.UnitTestAdapter, Microsoft.VisualStudio.QualityTools.Tips.UnitTest.Adapter, Version=10.0.0.0, Culture=neutral, PublicKeyToken=b03f5f7f11d50a3a" className="ApplicationTests.ArithmeticTest, ApplicationTests, Version=1.0.0.0, Culture=neutral, PublicKeyToken=null" name="reversedStringTest" />
    </UnitTest>
  </TestDefinitions>
  <TestLists>
    <TestList name="Results Not in a List" id="8c84fa94-04c1-424b-9868-57a2d4851a1d" />
    <TestList name="All Loaded Results" id="19431567-8539-422a-85d7-44ee4e166bda" />
  </TestLists>
  <TestEntries>
    <TestEntry testId="22875be9-517b-a982-69b7-3a7c5c497176" executionId="ca52e308-966b-4547-9563-d654c8e1b6e5" testListId="8c84fa94-04c1-424b-9868-57a2d4851a1d" />
    <TestEntry testId="47d8073a-57f8-b49d-9b39-3d946487a063" executionId="4a6a04e4-04be-4896-ad2a-38d55114f7a1" testListId="8c84fa94-04c1-424b-9868-57a2d4851a1d" />
    <TestEntry testId="89a3f76a-9557-31ab-05ac-c30ddd1bb125" executionId="8fbb8551-e5b1-46bf-b27d-60959bd94675" testListId="8c84fa94-04c1-424b-9868-57a2d4851a1d" />
    <TestEntry testId="8da5f0ff-5363-92fd-496d-3cbfca523cb9" executionId="3d7748c2-c940-46ea-a5b5-013c51038ca2" testListId="8c84fa94-04c1-424b-9868-57a2d4851a1d" />
    <TestEntry testId="8dbf2887-d3b8-a404-08fb-68c241a8f0af" executionId="6d6a1aa6-5073-401a-a3e3-6faf1c45de6d" testListId="8c84fa94-04c1-424b-9868-57a2d4851a1d" />
    <TestEntry testId="90802c43-5ea4-b56d-6691-035a0c49992f" executionId="b362cca9-4024-4d29-8161-179d811437c5" testListId="8c84fa94-04c1-424b-9868-57a2d4851a1d" />
    <TestEntry testId="9f95f546-3dbc-6cf4-3dae-5d43bafe697d" executionId="38eb95d8-5c09-435f-b3c7-fd5cc4644669" testListId="8c84fa94-04c1-424b-9868-57a2d4851a1d" />
    <TestEntry testId="a0fa8fdb-c5aa-1e00-3fb5-acf0d7a54042" executionId="a4d1e040-c02d-435f-b5f3-986299b5b907" testListId="8c84fa94-04c1-424b-9868-57a2d4851a1d" />
    <TestEntry testId="a5f35e8e-293e-68f7-5dcb-1d7e4fe6bae6" executionId="9680ef0e-50b3-4ef3-b313-a7aa5e294157" testListId="8c84fa94-04c1-424b-9868-57a2d4851a1d" />
    <TestEntry testId="bcdcf49c-8a4c-74b3-3564-f47aa9cfbf59" executionId="be3a90db-5743-40e5-bce5-849ca2390781" testListId="8c84fa94-04c1-424b-9868-57a2d4851a1d" />
    <TestEntry testId="c87b4183-b021-215b-baae-8aa8fe72f2c7" executionId="2f9490e4-2543-4b51-9007-ccb0cc9d1979" testListId="8c84fa94-04c1-424b-9868-57a2d4851a1d" />
    <TestEntry testId="d5d38560-7b0f-1787-7f0b-7f47f3114e52" executionId="b65dddf1-30c2-48f7-a16e-c078766131af" testListId="8c84fa94-04c1-424b-9868-57a2d4851a1d" />
  </TestEntries>
  <Results>
    <UnitTestResult executionId="ca52e308-966b-4547-9563-d654c8e1b6e5" testId="22875be9-517b-a982-69b7-3a7c5c497176" testName="maxTest" computerName="DESKTOP-JU1GN0A" duration="00:00:00.0308844" startTime="2017-12-11T23:17:27.3744899+02:00" endTime="2017-12-11T23:17:27.5313919+02:00" testType="13cdc9d9-ddb5-4fa4-a97d-d965ccfc6d4b" outcome="Inconclusive" testListId="8c84fa94-04c1-424b-9868-57a2d4851a1d" relativeResultsDirectory="ca52e308-966b-4547-9563-d654c8e1b6e5">
      <Output>
        <ErrorInfo>
          <Message>Assert.Inconclusive failed. Verify the correctness of this test method.</Message>
          <StackTrace>   at ApplicationTests.ArithmeticTest.maxTest() in C:\Users\sabau\Desktop\Conversii Logica Computationala\Conversii\ApplicationTests\ArithmeticTest.cs:line 125
</StackTrace>
        </ErrorInfo>
      </Output>
    </UnitTestResult>
    <UnitTestResult executionId="4a6a04e4-04be-4896-ad2a-38d55114f7a1" testId="47d8073a-57f8-b49d-9b39-3d946487a063" testName="substitutionMethodTest" computerName="DESKTOP-JU1GN0A" duration="00:00:00.0185284" startTime="2017-12-11T23:17:27.5323923+02:00" endTime="2017-12-11T23:17:27.5533146+02:00" testType="13cdc9d9-ddb5-4fa4-a97d-d965ccfc6d4b" outcome="Failed" testListId="8c84fa94-04c1-424b-9868-57a2d4851a1d" relativeResultsDirectory="4a6a04e4-04be-4896-ad2a-38d55114f7a1">
      <Output>
        <ErrorInfo>
          <Message>Assert.AreEqual failed. Expected:&lt;&gt;. Actual:&lt;0&gt;. </Message>
          <StackTrace>   at ApplicationTests.ConversionsTest.substitutionMethodTest() in C:\Users\sabau\Desktop\Conversii Logica Computationala\Conversii\ApplicationTests\ConversionsTest.cs:line 147
</StackTrace>
        </ErrorInfo>
      </Output>
    </UnitTestResult>
    <UnitTestResult executionId="8fbb8551-e5b1-46bf-b27d-60959bd94675" testId="89a3f76a-9557-31ab-05ac-c30ddd1bb125" testName="reversedStringTest" computerName="DESKTOP-JU1GN0A" duration="00:00:00.0109332" startTime="2017-12-11T23:17:27.5543172+02:00" endTime="2017-12-11T23:17:27.5683268+02:00" testType="13cdc9d9-ddb5-4fa4-a97d-d965ccfc6d4b" outcome="Inconclusive" testListId="8c84fa94-04c1-424b-9868-57a2d4851a1d" relativeResultsDirectory="8fbb8551-e5b1-46bf-b27d-60959bd94675">
      <Output>
        <ErrorInfo>
          <Message>Assert.Inconclusive failed. Verify the correctness of this test method.</Message>
          <StackTrace>   at ApplicationTests.ArithmeticTest.reversedStringTest() in C:\Users\sabau\Desktop\Conversii Logica Computationala\Conversii\ApplicationTests\ArithmeticTest.cs:line 160
</StackTrace>
        </ErrorInfo>
      </Output>
    </UnitTestResult>
    <UnitTestResult executionId="3d7748c2-c940-46ea-a5b5-013c51038ca2" testId="8da5f0ff-5363-92fd-496d-3cbfca523cb9" testName="getIntTest" computerName="DESKTOP-JU1GN0A" duration="00:00:00.0084171" startTime="2017-12-11T23:17:27.5683268+02:00" endTime="2017-12-11T23:17:27.5803354+02:00" testType="13cdc9d9-ddb5-4fa4-a97d-d965ccfc6d4b" outcome="Passed" testListId="8c84fa94-04c1-424b-9868-57a2d4851a1d" relativeResultsDirectory="3d7748c2-c940-46ea-a5b5-013c51038ca2">
    </UnitTestResult>
    <UnitTestResult executionId="6d6a1aa6-5073-401a-a3e3-6faf1c45de6d" testId="8dbf2887-d3b8-a404-08fb-68c241a8f0af" testName="computeMultiplicationTest" computerName="DESKTOP-JU1GN0A" duration="00:00:00.0149850" startTime="2017-12-11T23:17:27.5813445+02:00" endTime="2017-12-11T23:17:27.5992348+02:00" testType="13cdc9d9-ddb5-4fa4-a97d-d965ccfc6d4b" outcome="Failed" testListId="8c84fa94-04c1-424b-9868-57a2d4851a1d" relativeResultsDirectory="6d6a1aa6-5073-401a-a3e3-6faf1c45de6d">
      <Output>
        <ErrorInfo>
          <Message>Test method ApplicationTests.ArithmeticTest.computeMultiplicationTest threw exception: 
System.IndexOutOfRangeException: Index was outside the bounds of the array.</Message>
          <StackTrace>   at Conversii.Arithmetic_Accessor.computeMultiplication(String x, String digit, Int32 bNum)
   at ApplicationTests.ArithmeticTest.computeMultiplicationTest() in C:\Users\sabau\Desktop\Conversii Logica Computationala\Conversii\ApplicationTests\ArithmeticTest.cs:line 86
</StackTrace>
        </ErrorInfo>
      </Output>
    </UnitTestResult>
    <UnitTestResult executionId="b362cca9-4024-4d29-8161-179d811437c5" testId="90802c43-5ea4-b56d-6691-035a0c49992f" testName="getCharTest" computerName="DESKTOP-JU1GN0A" duration="00:00:00.0093638" startTime="2017-12-11T23:17:27.6002446+02:00" endTime="2017-12-11T23:17:27.6117873+02:00" testType="13cdc9d9-ddb5-4fa4-a97d-d965ccfc6d4b" outcome="Passed" testListId="8c84fa94-04c1-424b-9868-57a2d4851a1d" relativeResultsDirectory="b362cca9-4024-4d29-8161-179d811437c5">
    </UnitTestResult>
    <UnitTestResult executionId="38eb95d8-5c09-435f-b3c7-fd5cc4644669" testId="9f95f546-3dbc-6cf4-3dae-5d43bafe697d" testName="minTest" computerName="DESKTOP-JU1GN0A" duration="00:00:00.0089590" startTime="2017-12-11T23:17:27.6127889+02:00" endTime="2017-12-11T23:17:27.6248998+02:00" testType="13cdc9d9-ddb5-4fa4-a97d-d965ccfc6d4b" outcome="Inconclusive" testListId="8c84fa94-04c1-424b-9868-57a2d4851a1d" relativeResultsDirectory="38eb95d8-5c09-435f-b3c7-fd5cc4644669">
      <Output>
        <ErrorInfo>
          <Message>Assert.Inconclusive failed. Verify the correctness of this test method.</Message>
          <StackTrace>   at ApplicationTests.ArithmeticTest.minTest() in C:\Users\sabau\Desktop\Conversii Logica Computationala\Conversii\ApplicationTests\ArithmeticTest.cs:line 142
</StackTrace>
        </ErrorInfo>
      </Output>
    </UnitTestResult>
    <UnitTestResult executionId="a4d1e040-c02d-435f-b5f3-986299b5b907" testId="a0fa8fdb-c5aa-1e00-3fb5-acf0d7a54042" testName="fromBaseToBaseTest" computerName="DESKTOP-JU1GN0A" duration="00:00:00.0082831" startTime="2017-12-11T23:17:27.6248998+02:00" endTime="2017-12-11T23:17:27.6369102+02:00" testType="13cdc9d9-ddb5-4fa4-a97d-d965ccfc6d4b" outcome="Passed" testListId="8c84fa94-04c1-424b-9868-57a2d4851a1d" relativeResultsDirectory="a4d1e040-c02d-435f-b5f3-986299b5b907">
    </UnitTestResult>
    <UnitTestResult executionId="9680ef0e-50b3-4ef3-b313-a7aa5e294157" testId="a5f35e8e-293e-68f7-5dcb-1d7e4fe6bae6" testName="rapidConversionTest" computerName="DESKTOP-JU1GN0A" duration="00:00:00.0101553" startTime="2017-12-11T23:17:27.6379106+02:00" endTime="2017-12-11T23:17:27.6512341+02:00" testType="13cdc9d9-ddb5-4fa4-a97d-d965ccfc6d4b" outcome="Failed" testListId="8c84fa94-04c1-424b-9868-57a2d4851a1d" relativeResultsDirectory="9680ef0e-50b3-4ef3-b313-a7aa5e294157">
      <Output>
        <ErrorInfo>
          <Message>Assert.AreEqual failed. Expected:&lt;1100 1101 1111&gt;. Actual:&lt;1100 1101 1111 &gt;. </Message>
          <StackTrace>   at ApplicationTests.ConversionsTest.rapidConversionTest() in C:\Users\sabau\Desktop\Conversii Logica Computationala\Conversii\ApplicationTests\ConversionsTest.cs:line 122
</StackTrace>
        </ErrorInfo>
      </Output>
    </UnitTestResult>
    <UnitTestResult executionId="be3a90db-5743-40e5-bce5-849ca2390781" testId="bcdcf49c-8a4c-74b3-3564-f47aa9cfbf59" testName="computeSubtractionTest" computerName="DESKTOP-JU1GN0A" duration="00:00:00.0119360" startTime="2017-12-11T23:17:27.6522342+02:00" endTime="2017-12-11T23:17:27.6662439+02:00" testType="13cdc9d9-ddb5-4fa4-a97d-d965ccfc6d4b" outcome="Failed" testListId="8c84fa94-04c1-424b-9868-57a2d4851a1d" relativeResultsDirectory="be3a90db-5743-40e5-bce5-849ca2390781">
      <Output>
        <ErrorInfo>
          <Message>Test method ApplicationTests.ArithmeticTest.computeSubtractionTest threw exception: 
System.IndexOutOfRangeException: Index was outside the bounds of the array.</Message>
          <StackTrace>   at Conversii.Arithmetic_Accessor.computeSubtraction(String x, String digit, Int32 bNum)
   at ApplicationTests.ArithmeticTest.computeSubtractionTest() in C:\Users\sabau\Desktop\Conversii Logica Computationala\Conversii\ApplicationTests\ArithmeticTest.cs:line 105
</StackTrace>
        </ErrorInfo>
      </Output>
    </UnitTestResult>
    <UnitTestResult executionId="2f9490e4-2543-4b51-9007-ccb0cc9d1979" testId="c87b4183-b021-215b-baae-8aa8fe72f2c7" testName="computeDivisionTest" computerName="DESKTOP-JU1GN0A" duration="00:00:00.0126820" startTime="2017-12-11T23:17:27.6672449+02:00" endTime="2017-12-11T23:17:27.6827684+02:00" testType="13cdc9d9-ddb5-4fa4-a97d-d965ccfc6d4b" outcome="Failed" testListId="8c84fa94-04c1-424b-9868-57a2d4851a1d" relativeResultsDirectory="2f9490e4-2543-4b51-9007-ccb0cc9d1979">
      <Output>
        <ErrorInfo>
          <Message>Test method ApplicationTests.ArithmeticTest.computeDivisionTest threw exception: 
System.IndexOutOfRangeException: Index was outside the bounds of the array.</Message>
          <StackTrace>   at Conversii.Arithmetic_Accessor.computeDivision(String x, String digit, Int32 bNum)
   at ApplicationTests.ArithmeticTest.computeDivisionTest() in C:\Users\sabau\Desktop\Conversii Logica Computationala\Conversii\ApplicationTests\ArithmeticTest.cs:line 68
</StackTrace>
        </ErrorInfo>
      </Output>
    </UnitTestResult>
    <UnitTestResult executionId="b65dddf1-30c2-48f7-a16e-c078766131af" testId="d5d38560-7b0f-1787-7f0b-7f47f3114e52" testName="computeAdditionTest" computerName="DESKTOP-JU1GN0A" duration="00:00:00.0132190" startTime="2017-12-11T23:17:27.6837568+02:00" endTime="2017-12-11T23:17:27.6990621+02:00" testType="13cdc9d9-ddb5-4fa4-a97d-d965ccfc6d4b" outcome="Failed" testListId="8c84fa94-04c1-424b-9868-57a2d4851a1d" relativeResultsDirectory="b65dddf1-30c2-48f7-a16e-c078766131af">
      <Output>
        <ErrorInfo>
          <Message>Test method ApplicationTests.ArithmeticTest.computeAdditionTest threw exception: 
System.IndexOutOfRangeException: Index was outside the bounds of the array.</Message>
          <StackTrace>   at Conversii.Arithmetic_Accessor.computeAddition(String x, String digit, Int32 bNum)
   at ApplicationTests.ArithmeticTest.computeAdditionTest() in C:\Users\sabau\Desktop\Conversii Logica Computationala\Conversii\ApplicationTests\ArithmeticTest.cs:line 50
</StackTrace>
        </ErrorInfo>
      </Output>
    </UnitTestResult>
  </Results>
</TestRun>